<?xml version="1.0" encoding="UTF-8"?>
<!-- Generated by org.testng.reporters.JUnitXMLReporter -->
<testsuite ignored="0" hostname="LAPTOP-CS9N7GH7" failures="0" tests="3" name="API Tests" time="3.688" errors="0" timestamp="2024-12-01T21:07:59 GMT-05:00">
  <testcase classname="com.example.api.ApiTest" name="testAllPosts" time="2.901"/>
  <testcase classname="com.example.api.ApiTest" name="testGetRequest" time="0.531"/>
  <testcase classname="com.example.api.ApiTest" name="testPostRequest" time="0.212"/>
</testsuite> <!-- API Tests -->
