<?xml version="1.0" encoding="UTF-8"?>
<testng-results ignored="0" total="3" passed="3" failed="0" skipped="0">
  <reporter-output>
  </reporter-output>
  <suite started-at="2024-12-01T21:07:55 GMT-05:00" name="API Testing Suite" finished-at="2024-12-01T21:07:59 GMT-05:00" duration-ms="3688">
    <groups>
    </groups>
    <test started-at="2024-12-01T21:07:55 GMT-05:00" name="API Tests" finished-at="2024-12-01T21:07:59 GMT-05:00" duration-ms="3688">
      <class name="com.example.api.ApiTest">
        <test-method signature="testAllPosts()[pri:0, instance:com.example.api.ApiTest@15ff3e9e]" started-at="2024-12-01T21:07:55 GMT-05:00" name="testAllPosts" finished-at="2024-12-01T21:07:58 GMT-05:00" duration-ms="2901" status="PASS">
          <reporter-output>
          </reporter-output>
        </test-method> <!-- testAllPosts -->
        <test-method signature="testGetRequest()[pri:0, instance:com.example.api.ApiTest@15ff3e9e]" started-at="2024-12-01T21:07:58 GMT-05:00" name="testGetRequest" finished-at="2024-12-01T21:07:59 GMT-05:00" duration-ms="531" status="PASS">
          <reporter-output>
          </reporter-output>
        </test-method> <!-- testGetRequest -->
        <test-method signature="testPostRequest()[pri:0, instance:com.example.api.ApiTest@15ff3e9e]" started-at="2024-12-01T21:07:59 GMT-05:00" name="testPostRequest" finished-at="2024-12-01T21:07:59 GMT-05:00" duration-ms="212" status="PASS">
          <reporter-output>
          </reporter-output>
        </test-method> <!-- testPostRequest -->
      </class> <!-- com.example.api.ApiTest -->
    </test> <!-- API Tests -->
  </suite> <!-- API Testing Suite -->
</testng-results>
